<?xml version="1.0" encoding="UTF-8"?>
<testsuite xmlns:xsi="http://www.w3.org/2001/XMLSchema-instance" xsi:noNamespaceSchemaLocation="https://maven.apache.org/surefire/maven-surefire-plugin/xsd/surefire-test-report-3.0.xsd" version="3.0" name="com.example.usercenter.UserCenterApplicationTests" time="0.015" tests="1" errors="0" skipped="0" failures="0">
  <properties>
[...]
</properties>
  <testcase name="contextLoads" classname="com.example.usercenter.UserCenterApplicationTests" time="0.004">
    <system-out><![CDATA[2024-03-20T20:28:03.175+08:00  INFO 8768 --- [user-center] [           main] t.c.s.AnnotationConfigContextLoaderUtils : Could not detect default configuration classes for test class [com.example.usercenter.UserCenterApplicationTests]: UserCenterApplicationTests does not declare any static, non-private, non-final, nested classes annotated with @Configuration.
2024-03-20T20:28:03.182+08:00  INFO 8768 --- [user-center] [           main] .b.t.c.SpringBootTestContextBootstrapper : Found @SpringBootConfiguration com.example.usercenter.UserCenterApplication for test class com.example.usercenter.UserCenterApplicationTests
]]></system-out>
  </testcase>
</testsuite>